!SESSION 2021-12-29 19:57:17.812 -----------------------------------------------
eclipse.buildId=4.20.0.I20210611-1600
java.version=16.0.1
java.vendor=Oracle Corporation
BootLoader constants: OS=win32, ARCH=x86_64, WS=win32, NL=en_US

!ENTRY org.eclipse.osgi 4 0 2021-12-29 19:57:46.603
!MESSAGE Error reading configuration: Unable to create lock manager.
!STACK 0
java.io.IOException: Unable to create lock manager.
	at org.eclipse.osgi.storagemanager.StorageManager.open(StorageManager.java:718)
	at org.eclipse.osgi.storage.Storage.getChildStorageManager(Storage.java:2266)
	at org.eclipse.osgi.storage.Storage.getInfoInputStream(Storage.java:2283)
	at org.eclipse.osgi.storage.Storage.<init>(Storage.java:252)
	at org.eclipse.osgi.storage.Storage.createStorage(Storage.java:180)
	at org.eclipse.osgi.internal.framework.EquinoxContainer.<init>(EquinoxContainer.java:108)
	at org.eclipse.osgi.launch.Equinox.<init>(Equinox.java:53)
	at org.eclipse.osgi.launch.Equinox.<init>(Equinox.java:46)
	at org.eclipse.core.runtime.adaptor.EclipseStarter.startup(EclipseStarter.java:315)
	at org.eclipse.core.runtime.adaptor.EclipseStarter.run(EclipseStarter.java:251)
	at java.base/jdk.internal.reflect.NativeMethodAccessorImpl.invoke0(Native Method)
	at java.base/jdk.internal.reflect.NativeMethodAccessorImpl.invoke(NativeMethodAccessorImpl.java:78)
	at java.base/jdk.internal.reflect.DelegatingMethodAccessorImpl.invoke(DelegatingMethodAccessorImpl.java:43)
	at java.base/java.lang.reflect.Method.invoke(Method.java:567)
	at org.eclipse.equinox.launcher.Main.invokeFramework(Main.java:654)
	at org.eclipse.equinox.launcher.Main.basicRun(Main.java:591)
	at org.eclipse.equinox.launcher.Main.run(Main.java:1462)
